<?xml version="1.0" encoding="UTF-8"?>
<!-- Generated by org.testng.reporters.JUnitReportReporter -->
<testsuite hostname="W10161202" failures="0" tests="4" name="tests.LoginDDT" time="6.007" errors="0" timestamp="09 Nov 2017 11:11:34 GMT" skipped="0">
  <testcase classname="tests.LoginDDT" name="loginTest" time="2.657"/>
  <testcase classname="tests.LoginDDT" name="loginTest" time="1.168"/>
  <testcase classname="tests.LoginDDT" name="loginTest" time="0.957"/>
  <testcase classname="tests.LoginDDT" name="loginTest" time="1.225"/>
</testsuite> <!-- tests.LoginDDT -->
