<?xml version="1.0" encoding="UTF-8"?>
<!-- Generated by org.testng.reporters.JUnitReportReporter -->
<testsuite hostname="W10161202" failures="0" tests="1" name="smokeTests.ATagsTest" time="5.293" errors="0" timestamp="09 Nov 2017 09:12:22 GMT" skipped="0">
  <testcase classname="smokeTests.ATagsTest" name="loginElementsPresentTest" time="5.293"/>
</testsuite> <!-- smokeTests.ATagsTest -->
