<?xml version="1.0" encoding="UTF-8"?>
<!-- Generated by org.testng.reporters.JUnitReportReporter -->
<testsuite hostname="W10161202" failures="0" tests="1" name="tests.Expedia" time="21.359" errors="0" timestamp="09 Nov 2017 13:57:46 GMT" skipped="0">
  <testcase classname="tests.Expedia" name="hotelReservation" time="21.359"/>
</testsuite> <!-- tests.Expedia -->
