<?xml version="1.0" encoding="UTF-8"?>
<!-- Generated by org.testng.reporters.JUnitReportReporter -->
<testsuite hostname="W10161202" failures="0" tests="1" name="smokeTests.LoginPresentTestNG" time="4.124" errors="0" timestamp="09 Nov 2017 09:12:22 GMT" skipped="0">
  <testcase classname="smokeTests.LoginPresentTestNG" name="loginElementsPresentTest" time="4.124"/>
</testsuite> <!-- smokeTests.LoginPresentTestNG -->
